{
  "stats": {
    "suites": 1,
    "tests": 14,
    "passes": 14,
    "pending": 0,
    "failures": 0,
    "start": "2024-05-29T04:19:39.523Z",
    "end": "2024-05-29T04:20:32.759Z",
    "duration": 53236,
    "testsRegistered": 14,
    "passPercent": 100,
    "pendingPercent": 0,
    "other": 0,
    "hasOther": false,
    "skipped": 0,
    "hasSkipped": false
  },
  "results": [
    {
      "uuid": "0f62d549-b475-414c-b7f5-722cb82ceba9",
      "title": "",
      "fullFile": "cypress\\e2e\\homepage.feature",
      "file": "cypress\\e2e\\homepage.feature",
      "beforeHooks": [],
      "afterHooks": [],
      "tests": [],
      "suites": [
        {
          "uuid": "ea59c9a4-cb42-4b39-b10b-7b295203d861",
          "title": "Check all element at home page screen",
          "fullFile": "",
          "file": "",
          "beforeHooks": [],
          "afterHooks": [],
          "tests": [
            {
              "title": "Verify that the slideshow displays correctly",
              "fullTitle": "Check all element at home page screen Verify that the slideshow displays correctly",
              "timedOut": null,
              "duration": 2630,
              "state": "passed",
              "speed": "fast",
              "pass": true,
              "fail": false,
              "pending": false,
              "context": null,
              "code": "const state = window.testState;\nreturn cy\n  .then(() => state.onStartScenario(scenario, indexedSteps))\n  .then(() =>\n    resolveAndRunBeforeHooks.call(this, scenario.tags, state.feature.name)\n  )\n  .then(() =>\n    indexedSteps.forEach((step) =>\n      stepTest.call(this, state, step, rowData)\n    )\n  )\n  .then(() => state.onFinishScenario(scenario));",
              "err": {},
              "uuid": "e26d8a57-b28a-46c4-aa8a-ddaa50aa9c5a",
              "parentUUID": "ea59c9a4-cb42-4b39-b10b-7b295203d861",
              "isHook": false,
              "skipped": false
            },
            {
              "title": "Verify that the slideshow displays the 3 products sequentially automatically",
              "fullTitle": "Check all element at home page screen Verify that the slideshow displays the 3 products sequentially automatically",
              "timedOut": null,
              "duration": 12937,
              "state": "passed",
              "speed": "slow",
              "pass": true,
              "fail": false,
              "pending": false,
              "context": null,
              "code": "const state = window.testState;\nreturn cy\n  .then(() => state.onStartScenario(scenario, indexedSteps))\n  .then(() =>\n    resolveAndRunBeforeHooks.call(this, scenario.tags, state.feature.name)\n  )\n  .then(() =>\n    indexedSteps.forEach((step) =>\n      stepTest.call(this, state, step, rowData)\n    )\n  )\n  .then(() => state.onFinishScenario(scenario));",
              "err": {},
              "uuid": "aba16c25-c3b5-4f85-8103-ca7d005ad9e9",
              "parentUUID": "ea59c9a4-cb42-4b39-b10b-7b295203d861",
              "isHook": false,
              "skipped": false
            },
            {
              "title": "Verify that the user can view the next product at slideshow by clicking a next icon",
              "fullTitle": "Check all element at home page screen Verify that the user can view the next product at slideshow by clicking a next icon",
              "timedOut": null,
              "duration": 3303,
              "state": "passed",
              "speed": "fast",
              "pass": true,
              "fail": false,
              "pending": false,
              "context": null,
              "code": "const state = window.testState;\nreturn cy\n  .then(() => state.onStartScenario(scenario, indexedSteps))\n  .then(() =>\n    resolveAndRunBeforeHooks.call(this, scenario.tags, state.feature.name)\n  )\n  .then(() =>\n    indexedSteps.forEach((step) =>\n      stepTest.call(this, state, step, rowData)\n    )\n  )\n  .then(() => state.onFinishScenario(scenario));",
              "err": {},
              "uuid": "5b352f58-6aeb-46c2-8b48-47d29cc14300",
              "parentUUID": "ea59c9a4-cb42-4b39-b10b-7b295203d861",
              "isHook": false,
              "skipped": false
            },
            {
              "title": "Verify that the user can view the previous product at slideshow by clicking a previous icon",
              "fullTitle": "Check all element at home page screen Verify that the user can view the previous product at slideshow by clicking a previous icon",
              "timedOut": null,
              "duration": 3332,
              "state": "passed",
              "speed": "fast",
              "pass": true,
              "fail": false,
              "pending": false,
              "context": null,
              "code": "const state = window.testState;\nreturn cy\n  .then(() => state.onStartScenario(scenario, indexedSteps))\n  .then(() =>\n    resolveAndRunBeforeHooks.call(this, scenario.tags, state.feature.name)\n  )\n  .then(() =>\n    indexedSteps.forEach((step) =>\n      stepTest.call(this, state, step, rowData)\n    )\n  )\n  .then(() => state.onFinishScenario(scenario));",
              "err": {},
              "uuid": "89a514f1-a450-4133-bbc1-7644c791eafd",
              "parentUUID": "ea59c9a4-cb42-4b39-b10b-7b295203d861",
              "isHook": false,
              "skipped": false
            },
            {
              "title": "Verify that the user can view the product at slideshow by clicking a carousel",
              "fullTitle": "Check all element at home page screen Verify that the user can view the product at slideshow by clicking a carousel",
              "timedOut": null,
              "duration": 2706,
              "state": "passed",
              "speed": "fast",
              "pass": true,
              "fail": false,
              "pending": false,
              "context": null,
              "code": "const state = window.testState;\nreturn cy\n  .then(() => state.onStartScenario(scenario, indexedSteps))\n  .then(() =>\n    resolveAndRunBeforeHooks.call(this, scenario.tags, state.feature.name)\n  )\n  .then(() =>\n    indexedSteps.forEach((step) =>\n      stepTest.call(this, state, step, rowData)\n    )\n  )\n  .then(() => state.onFinishScenario(scenario));",
              "err": {},
              "uuid": "ea79c823-6b6b-45f1-b34a-b777ed48c5eb",
              "parentUUID": "ea59c9a4-cb42-4b39-b10b-7b295203d861",
              "isHook": false,
              "skipped": false
            },
            {
              "title": "Verify that categories menu displays correctly on the left page",
              "fullTitle": "Check all element at home page screen Verify that categories menu displays correctly on the left page",
              "timedOut": null,
              "duration": 1724,
              "state": "passed",
              "speed": "fast",
              "pass": true,
              "fail": false,
              "pending": false,
              "context": null,
              "code": "const state = window.testState;\nreturn cy\n  .then(() => state.onStartScenario(scenario, indexedSteps))\n  .then(() =>\n    resolveAndRunBeforeHooks.call(this, scenario.tags, state.feature.name)\n  )\n  .then(() =>\n    indexedSteps.forEach((step) =>\n      stepTest.call(this, state, step, rowData)\n    )\n  )\n  .then(() => state.onFinishScenario(scenario));",
              "err": {},
              "uuid": "b5e7a8c8-7c6a-40be-8a4a-ca55ce8d3c23",
              "parentUUID": "ea59c9a4-cb42-4b39-b10b-7b295203d861",
              "isHook": false,
              "skipped": false
            },
            {
              "title": "Verify that the user can view the specific list of products by clicking a Group Product in a Categories menu",
              "fullTitle": "Check all element at home page screen Verify that the user can view the specific list of products by clicking a Group Product in a Categories menu",
              "timedOut": null,
              "duration": 2459,
              "state": "passed",
              "speed": "fast",
              "pass": true,
              "fail": false,
              "pending": false,
              "context": null,
              "code": "const state = window.testState;\nreturn cy\n  .then(() => state.onStartScenario(scenario, indexedSteps))\n  .then(() =>\n    resolveAndRunBeforeHooks.call(this, scenario.tags, state.feature.name)\n  )\n  .then(() =>\n    indexedSteps.forEach((step) =>\n      stepTest.call(this, state, step, rowData)\n    )\n  )\n  .then(() => state.onFinishScenario(scenario));",
              "err": {},
              "uuid": "1cf1661a-750f-4b92-b8da-4ed1422cd11e",
              "parentUUID": "ea59c9a4-cb42-4b39-b10b-7b295203d861",
              "isHook": false,
              "skipped": false
            },
            {
              "title": "Verify that the user can view the whole list of products by clicking Category menu",
              "fullTitle": "Check all element at home page screen Verify that the user can view the whole list of products by clicking Category menu",
              "timedOut": null,
              "duration": 3710,
              "state": "passed",
              "speed": "fast",
              "pass": true,
              "fail": false,
              "pending": false,
              "context": null,
              "code": "const state = window.testState;\nreturn cy\n  .then(() => state.onStartScenario(scenario, indexedSteps))\n  .then(() =>\n    resolveAndRunBeforeHooks.call(this, scenario.tags, state.feature.name)\n  )\n  .then(() =>\n    indexedSteps.forEach((step) =>\n      stepTest.call(this, state, step, rowData)\n    )\n  )\n  .then(() => state.onFinishScenario(scenario));",
              "err": {},
              "uuid": "5c351563-1144-493c-8e63-984c249e0b4a",
              "parentUUID": "ea59c9a4-cb42-4b39-b10b-7b295203d861",
              "isHook": false,
              "skipped": false
            },
            {
              "title": "Verify that the list of product card display correctly",
              "fullTitle": "Check all element at home page screen Verify that the list of product card display correctly",
              "timedOut": null,
              "duration": 2385,
              "state": "passed",
              "speed": "fast",
              "pass": true,
              "fail": false,
              "pending": false,
              "context": null,
              "code": "const state = window.testState;\nreturn cy\n  .then(() => state.onStartScenario(scenario, indexedSteps))\n  .then(() =>\n    resolveAndRunBeforeHooks.call(this, scenario.tags, state.feature.name)\n  )\n  .then(() =>\n    indexedSteps.forEach((step) =>\n      stepTest.call(this, state, step, rowData)\n    )\n  )\n  .then(() => state.onFinishScenario(scenario));",
              "err": {},
              "uuid": "03f8a5ed-0f2a-406a-8982-16b58a99e154",
              "parentUUID": "ea59c9a4-cb42-4b39-b10b-7b295203d861",
              "isHook": false,
              "skipped": false
            },
            {
              "title": "Verify that the information of the product card is display correctly",
              "fullTitle": "Check all element at home page screen Verify that the information of the product card is display correctly",
              "timedOut": null,
              "duration": 1765,
              "state": "passed",
              "speed": "fast",
              "pass": true,
              "fail": false,
              "pending": false,
              "context": null,
              "code": "const state = window.testState;\nreturn cy\n  .then(() => state.onStartScenario(scenario, indexedSteps))\n  .then(() =>\n    resolveAndRunBeforeHooks.call(this, scenario.tags, state.feature.name)\n  )\n  .then(() =>\n    indexedSteps.forEach((step) =>\n      stepTest.call(this, state, step, rowData)\n    )\n  )\n  .then(() => state.onFinishScenario(scenario));",
              "err": {},
              "uuid": "e82e4039-8a11-4bdf-80ec-cbddc50dc9f3",
              "parentUUID": "ea59c9a4-cb42-4b39-b10b-7b295203d861",
              "isHook": false,
              "skipped": false
            },
            {
              "title": "Verify that the title of the product card is underlined when the user hover",
              "fullTitle": "Check all element at home page screen Verify that the title of the product card is underlined when the user hover",
              "timedOut": null,
              "duration": 1829,
              "state": "passed",
              "speed": "fast",
              "pass": true,
              "fail": false,
              "pending": false,
              "context": null,
              "code": "const state = window.testState;\nreturn cy\n  .then(() => state.onStartScenario(scenario, indexedSteps))\n  .then(() =>\n    resolveAndRunBeforeHooks.call(this, scenario.tags, state.feature.name)\n  )\n  .then(() =>\n    indexedSteps.forEach((step) =>\n      stepTest.call(this, state, step, rowData)\n    )\n  )\n  .then(() => state.onFinishScenario(scenario));",
              "err": {},
              "uuid": "503136f0-1dff-47cd-a9c4-970838b91ef8",
              "parentUUID": "ea59c9a4-cb42-4b39-b10b-7b295203d861",
              "isHook": false,
              "skipped": false
            },
            {
              "title": "Verify that the user can redirect to an Information product screen when clicking a photo of the product",
              "fullTitle": "Check all element at home page screen Verify that the user can redirect to an Information product screen when clicking a photo of the product",
              "timedOut": null,
              "duration": 5589,
              "state": "passed",
              "speed": "medium",
              "pass": true,
              "fail": false,
              "pending": false,
              "context": null,
              "code": "const state = window.testState;\nreturn cy\n  .then(() => state.onStartScenario(scenario, indexedSteps))\n  .then(() =>\n    resolveAndRunBeforeHooks.call(this, scenario.tags, state.feature.name)\n  )\n  .then(() =>\n    indexedSteps.forEach((step) =>\n      stepTest.call(this, state, step, rowData)\n    )\n  )\n  .then(() => state.onFinishScenario(scenario));",
              "err": {},
              "uuid": "b3854214-a817-456d-a5fd-8b148a47087a",
              "parentUUID": "ea59c9a4-cb42-4b39-b10b-7b295203d861",
              "isHook": false,
              "skipped": false
            },
            {
              "title": "Verify that the user can redirect to an Information product screen when clicking a title of the product",
              "fullTitle": "Check all element at home page screen Verify that the user can redirect to an Information product screen when clicking a title of the product",
              "timedOut": null,
              "duration": 5353,
              "state": "passed",
              "speed": "medium",
              "pass": true,
              "fail": false,
              "pending": false,
              "context": null,
              "code": "const state = window.testState;\nreturn cy\n  .then(() => state.onStartScenario(scenario, indexedSteps))\n  .then(() =>\n    resolveAndRunBeforeHooks.call(this, scenario.tags, state.feature.name)\n  )\n  .then(() =>\n    indexedSteps.forEach((step) =>\n      stepTest.call(this, state, step, rowData)\n    )\n  )\n  .then(() => state.onFinishScenario(scenario));",
              "err": {},
              "uuid": "9965d3db-7897-4f5f-80c3-a6c077fff8f9",
              "parentUUID": "ea59c9a4-cb42-4b39-b10b-7b295203d861",
              "isHook": false,
              "skipped": false
            },
            {
              "title": "Verify the user can view next or previous page with whole products by cliking Next/Previous button",
              "fullTitle": "Check all element at home page screen Verify the user can view next or previous page with whole products by cliking Next/Previous button",
              "timedOut": null,
              "duration": 2828,
              "state": "passed",
              "speed": "fast",
              "pass": true,
              "fail": false,
              "pending": false,
              "context": null,
              "code": "const state = window.testState;\nreturn cy\n  .then(() => state.onStartScenario(scenario, indexedSteps))\n  .then(() =>\n    resolveAndRunBeforeHooks.call(this, scenario.tags, state.feature.name)\n  )\n  .then(() =>\n    indexedSteps.forEach((step) =>\n      stepTest.call(this, state, step, rowData)\n    )\n  )\n  .then(() => state.onFinishScenario(scenario));",
              "err": {},
              "uuid": "5c8177d8-f8c4-42ed-8643-d35a18d837d4",
              "parentUUID": "ea59c9a4-cb42-4b39-b10b-7b295203d861",
              "isHook": false,
              "skipped": false
            }
          ],
          "suites": [],
          "passes": [
            "e26d8a57-b28a-46c4-aa8a-ddaa50aa9c5a",
            "aba16c25-c3b5-4f85-8103-ca7d005ad9e9",
            "5b352f58-6aeb-46c2-8b48-47d29cc14300",
            "89a514f1-a450-4133-bbc1-7644c791eafd",
            "ea79c823-6b6b-45f1-b34a-b777ed48c5eb",
            "b5e7a8c8-7c6a-40be-8a4a-ca55ce8d3c23",
            "1cf1661a-750f-4b92-b8da-4ed1422cd11e",
            "5c351563-1144-493c-8e63-984c249e0b4a",
            "03f8a5ed-0f2a-406a-8982-16b58a99e154",
            "e82e4039-8a11-4bdf-80ec-cbddc50dc9f3",
            "503136f0-1dff-47cd-a9c4-970838b91ef8",
            "b3854214-a817-456d-a5fd-8b148a47087a",
            "9965d3db-7897-4f5f-80c3-a6c077fff8f9",
            "5c8177d8-f8c4-42ed-8643-d35a18d837d4"
          ],
          "failures": [],
          "pending": [],
          "skipped": [],
          "duration": 52550,
          "root": false,
          "rootEmpty": false,
          "_timeout": 2000
        }
      ],
      "passes": [],
      "failures": [],
      "pending": [],
      "skipped": [],
      "duration": 0,
      "root": true,
      "rootEmpty": true,
      "_timeout": 2000
    }
  ],
  "meta": {
    "mocha": {
      "version": "7.0.1"
    },
    "mochawesome": {
      "options": {
        "quiet": false,
        "reportFilename": "mochawesome",
        "saveHtml": true,
        "saveJson": true,
        "consoleReporter": "spec",
        "useInlineDiffs": false,
        "code": true
      },
      "version": "7.1.3"
    },
    "marge": {
      "options": null,
      "version": "6.2.0"
    }
  }
}