{
  "stats": {
    "suites": 1,
    "tests": 14,
    "passes": 14,
    "pending": 0,
    "failures": 0,
    "start": "2024-05-30T02:21:31.066Z",
    "end": "2024-05-30T02:22:24.346Z",
    "duration": 53280,
    "testsRegistered": 14,
    "passPercent": 100,
    "pendingPercent": 0,
    "other": 0,
    "hasOther": false,
    "skipped": 0,
    "hasSkipped": false
  },
  "results": [
    {
      "uuid": "74299636-3af0-4201-8688-5be89c0a7a05",
      "title": "",
      "fullFile": "cypress\\e2e\\homepage.feature",
      "file": "cypress\\e2e\\homepage.feature",
      "beforeHooks": [],
      "afterHooks": [],
      "tests": [],
      "suites": [
        {
          "uuid": "e5424d49-8407-4065-a882-77dcb9b64d72",
          "title": "Check all element at home page screen",
          "fullFile": "",
          "file": "",
          "beforeHooks": [],
          "afterHooks": [],
          "tests": [
            {
              "title": "Verify that the slideshow displays correctly",
              "fullTitle": "Check all element at home page screen Verify that the slideshow displays correctly",
              "timedOut": null,
              "duration": 2512,
              "state": "passed",
              "speed": "fast",
              "pass": true,
              "fail": false,
              "pending": false,
              "context": null,
              "code": "const state = window.testState;\nreturn cy\n  .then(() => state.onStartScenario(scenario, indexedSteps))\n  .then(() =>\n    resolveAndRunBeforeHooks.call(this, scenario.tags, state.feature.name)\n  )\n  .then(() =>\n    indexedSteps.forEach((step) =>\n      stepTest.call(this, state, step, rowData)\n    )\n  )\n  .then(() => state.onFinishScenario(scenario));",
              "err": {},
              "uuid": "0cba03b5-883d-4e59-a87e-a55fd3f4b831",
              "parentUUID": "e5424d49-8407-4065-a882-77dcb9b64d72",
              "isHook": false,
              "skipped": false
            },
            {
              "title": "Verify that the slideshow displays the 3 products sequentially automatically",
              "fullTitle": "Check all element at home page screen Verify that the slideshow displays the 3 products sequentially automatically",
              "timedOut": null,
              "duration": 13664,
              "state": "passed",
              "speed": "slow",
              "pass": true,
              "fail": false,
              "pending": false,
              "context": null,
              "code": "const state = window.testState;\nreturn cy\n  .then(() => state.onStartScenario(scenario, indexedSteps))\n  .then(() =>\n    resolveAndRunBeforeHooks.call(this, scenario.tags, state.feature.name)\n  )\n  .then(() =>\n    indexedSteps.forEach((step) =>\n      stepTest.call(this, state, step, rowData)\n    )\n  )\n  .then(() => state.onFinishScenario(scenario));",
              "err": {},
              "uuid": "08adf3f1-3564-458a-b4ff-4cf422c2da2d",
              "parentUUID": "e5424d49-8407-4065-a882-77dcb9b64d72",
              "isHook": false,
              "skipped": false
            },
            {
              "title": "Verify that the user can view the next product at slideshow by clicking a next icon",
              "fullTitle": "Check all element at home page screen Verify that the user can view the next product at slideshow by clicking a next icon",
              "timedOut": null,
              "duration": 3289,
              "state": "passed",
              "speed": "fast",
              "pass": true,
              "fail": false,
              "pending": false,
              "context": null,
              "code": "const state = window.testState;\nreturn cy\n  .then(() => state.onStartScenario(scenario, indexedSteps))\n  .then(() =>\n    resolveAndRunBeforeHooks.call(this, scenario.tags, state.feature.name)\n  )\n  .then(() =>\n    indexedSteps.forEach((step) =>\n      stepTest.call(this, state, step, rowData)\n    )\n  )\n  .then(() => state.onFinishScenario(scenario));",
              "err": {},
              "uuid": "3b780192-29d3-42e0-a961-7285d61d3fa8",
              "parentUUID": "e5424d49-8407-4065-a882-77dcb9b64d72",
              "isHook": false,
              "skipped": false
            },
            {
              "title": "Verify that the user can view the previous product at slideshow by clicking a previous icon",
              "fullTitle": "Check all element at home page screen Verify that the user can view the previous product at slideshow by clicking a previous icon",
              "timedOut": null,
              "duration": 2707,
              "state": "passed",
              "speed": "fast",
              "pass": true,
              "fail": false,
              "pending": false,
              "context": null,
              "code": "const state = window.testState;\nreturn cy\n  .then(() => state.onStartScenario(scenario, indexedSteps))\n  .then(() =>\n    resolveAndRunBeforeHooks.call(this, scenario.tags, state.feature.name)\n  )\n  .then(() =>\n    indexedSteps.forEach((step) =>\n      stepTest.call(this, state, step, rowData)\n    )\n  )\n  .then(() => state.onFinishScenario(scenario));",
              "err": {},
              "uuid": "76addd6d-a75f-4860-b987-77d2292ca999",
              "parentUUID": "e5424d49-8407-4065-a882-77dcb9b64d72",
              "isHook": false,
              "skipped": false
            },
            {
              "title": "Verify that the user can view the product at slideshow by clicking a carousel",
              "fullTitle": "Check all element at home page screen Verify that the user can view the product at slideshow by clicking a carousel",
              "timedOut": null,
              "duration": 2639,
              "state": "passed",
              "speed": "fast",
              "pass": true,
              "fail": false,
              "pending": false,
              "context": null,
              "code": "const state = window.testState;\nreturn cy\n  .then(() => state.onStartScenario(scenario, indexedSteps))\n  .then(() =>\n    resolveAndRunBeforeHooks.call(this, scenario.tags, state.feature.name)\n  )\n  .then(() =>\n    indexedSteps.forEach((step) =>\n      stepTest.call(this, state, step, rowData)\n    )\n  )\n  .then(() => state.onFinishScenario(scenario));",
              "err": {},
              "uuid": "378bc650-6baf-4528-bef8-d347e1de0cfa",
              "parentUUID": "e5424d49-8407-4065-a882-77dcb9b64d72",
              "isHook": false,
              "skipped": false
            },
            {
              "title": "Verify that categories menu displays correctly on the left page",
              "fullTitle": "Check all element at home page screen Verify that categories menu displays correctly on the left page",
              "timedOut": null,
              "duration": 2020,
              "state": "passed",
              "speed": "fast",
              "pass": true,
              "fail": false,
              "pending": false,
              "context": null,
              "code": "const state = window.testState;\nreturn cy\n  .then(() => state.onStartScenario(scenario, indexedSteps))\n  .then(() =>\n    resolveAndRunBeforeHooks.call(this, scenario.tags, state.feature.name)\n  )\n  .then(() =>\n    indexedSteps.forEach((step) =>\n      stepTest.call(this, state, step, rowData)\n    )\n  )\n  .then(() => state.onFinishScenario(scenario));",
              "err": {},
              "uuid": "b6404842-be50-4608-a192-77715c4ff02f",
              "parentUUID": "e5424d49-8407-4065-a882-77dcb9b64d72",
              "isHook": false,
              "skipped": false
            },
            {
              "title": "Verify that the user can view the specific list of products by clicking a Group Product in a Categories menu",
              "fullTitle": "Check all element at home page screen Verify that the user can view the specific list of products by clicking a Group Product in a Categories menu",
              "timedOut": null,
              "duration": 2384,
              "state": "passed",
              "speed": "fast",
              "pass": true,
              "fail": false,
              "pending": false,
              "context": null,
              "code": "const state = window.testState;\nreturn cy\n  .then(() => state.onStartScenario(scenario, indexedSteps))\n  .then(() =>\n    resolveAndRunBeforeHooks.call(this, scenario.tags, state.feature.name)\n  )\n  .then(() =>\n    indexedSteps.forEach((step) =>\n      stepTest.call(this, state, step, rowData)\n    )\n  )\n  .then(() => state.onFinishScenario(scenario));",
              "err": {},
              "uuid": "4614bcbd-4271-4339-9c7f-cd6d35f8e120",
              "parentUUID": "e5424d49-8407-4065-a882-77dcb9b64d72",
              "isHook": false,
              "skipped": false
            },
            {
              "title": "Verify that the user can view the whole list of products by clicking Category menu",
              "fullTitle": "Check all element at home page screen Verify that the user can view the whole list of products by clicking Category menu",
              "timedOut": null,
              "duration": 3591,
              "state": "passed",
              "speed": "fast",
              "pass": true,
              "fail": false,
              "pending": false,
              "context": null,
              "code": "const state = window.testState;\nreturn cy\n  .then(() => state.onStartScenario(scenario, indexedSteps))\n  .then(() =>\n    resolveAndRunBeforeHooks.call(this, scenario.tags, state.feature.name)\n  )\n  .then(() =>\n    indexedSteps.forEach((step) =>\n      stepTest.call(this, state, step, rowData)\n    )\n  )\n  .then(() => state.onFinishScenario(scenario));",
              "err": {},
              "uuid": "d8838c63-78c6-43cf-a761-97e0e5c6b99f",
              "parentUUID": "e5424d49-8407-4065-a882-77dcb9b64d72",
              "isHook": false,
              "skipped": false
            },
            {
              "title": "Verify that the list of product card display correctly",
              "fullTitle": "Check all element at home page screen Verify that the list of product card display correctly",
              "timedOut": null,
              "duration": 2280,
              "state": "passed",
              "speed": "fast",
              "pass": true,
              "fail": false,
              "pending": false,
              "context": null,
              "code": "const state = window.testState;\nreturn cy\n  .then(() => state.onStartScenario(scenario, indexedSteps))\n  .then(() =>\n    resolveAndRunBeforeHooks.call(this, scenario.tags, state.feature.name)\n  )\n  .then(() =>\n    indexedSteps.forEach((step) =>\n      stepTest.call(this, state, step, rowData)\n    )\n  )\n  .then(() => state.onFinishScenario(scenario));",
              "err": {},
              "uuid": "092cfe9b-c255-4eab-b049-05ad8e87bb7d",
              "parentUUID": "e5424d49-8407-4065-a882-77dcb9b64d72",
              "isHook": false,
              "skipped": false
            },
            {
              "title": "Verify that the information of the product card is display correctly",
              "fullTitle": "Check all element at home page screen Verify that the information of the product card is display correctly",
              "timedOut": null,
              "duration": 2009,
              "state": "passed",
              "speed": "fast",
              "pass": true,
              "fail": false,
              "pending": false,
              "context": null,
              "code": "const state = window.testState;\nreturn cy\n  .then(() => state.onStartScenario(scenario, indexedSteps))\n  .then(() =>\n    resolveAndRunBeforeHooks.call(this, scenario.tags, state.feature.name)\n  )\n  .then(() =>\n    indexedSteps.forEach((step) =>\n      stepTest.call(this, state, step, rowData)\n    )\n  )\n  .then(() => state.onFinishScenario(scenario));",
              "err": {},
              "uuid": "e51bbae5-837f-4a3c-8784-b240f57e5549",
              "parentUUID": "e5424d49-8407-4065-a882-77dcb9b64d72",
              "isHook": false,
              "skipped": false
            },
            {
              "title": "Verify that the title of the product card is underlined when the user hover",
              "fullTitle": "Check all element at home page screen Verify that the title of the product card is underlined when the user hover",
              "timedOut": null,
              "duration": 1945,
              "state": "passed",
              "speed": "fast",
              "pass": true,
              "fail": false,
              "pending": false,
              "context": null,
              "code": "const state = window.testState;\nreturn cy\n  .then(() => state.onStartScenario(scenario, indexedSteps))\n  .then(() =>\n    resolveAndRunBeforeHooks.call(this, scenario.tags, state.feature.name)\n  )\n  .then(() =>\n    indexedSteps.forEach((step) =>\n      stepTest.call(this, state, step, rowData)\n    )\n  )\n  .then(() => state.onFinishScenario(scenario));",
              "err": {},
              "uuid": "fe8cf79f-267f-4812-9146-864aafe7d470",
              "parentUUID": "e5424d49-8407-4065-a882-77dcb9b64d72",
              "isHook": false,
              "skipped": false
            },
            {
              "title": "Verify that the user can redirect to an Information product screen when clicking a photo of the product",
              "fullTitle": "Check all element at home page screen Verify that the user can redirect to an Information product screen when clicking a photo of the product",
              "timedOut": null,
              "duration": 5556,
              "state": "passed",
              "speed": "medium",
              "pass": true,
              "fail": false,
              "pending": false,
              "context": null,
              "code": "const state = window.testState;\nreturn cy\n  .then(() => state.onStartScenario(scenario, indexedSteps))\n  .then(() =>\n    resolveAndRunBeforeHooks.call(this, scenario.tags, state.feature.name)\n  )\n  .then(() =>\n    indexedSteps.forEach((step) =>\n      stepTest.call(this, state, step, rowData)\n    )\n  )\n  .then(() => state.onFinishScenario(scenario));",
              "err": {},
              "uuid": "d516ad14-5dae-4d4f-9455-41ba4c237965",
              "parentUUID": "e5424d49-8407-4065-a882-77dcb9b64d72",
              "isHook": false,
              "skipped": false
            },
            {
              "title": "Verify that the user can redirect to an Information product screen when clicking a title of the product",
              "fullTitle": "Check all element at home page screen Verify that the user can redirect to an Information product screen when clicking a title of the product",
              "timedOut": null,
              "duration": 5261,
              "state": "passed",
              "speed": "medium",
              "pass": true,
              "fail": false,
              "pending": false,
              "context": null,
              "code": "const state = window.testState;\nreturn cy\n  .then(() => state.onStartScenario(scenario, indexedSteps))\n  .then(() =>\n    resolveAndRunBeforeHooks.call(this, scenario.tags, state.feature.name)\n  )\n  .then(() =>\n    indexedSteps.forEach((step) =>\n      stepTest.call(this, state, step, rowData)\n    )\n  )\n  .then(() => state.onFinishScenario(scenario));",
              "err": {},
              "uuid": "9d9ae684-81d9-43b4-a699-96d83768de7c",
              "parentUUID": "e5424d49-8407-4065-a882-77dcb9b64d72",
              "isHook": false,
              "skipped": false
            },
            {
              "title": "Verify the user can view next or previous page with whole products by cliking Next/Previous button",
              "fullTitle": "Check all element at home page screen Verify the user can view next or previous page with whole products by cliking Next/Previous button",
              "timedOut": null,
              "duration": 2888,
              "state": "passed",
              "speed": "fast",
              "pass": true,
              "fail": false,
              "pending": false,
              "context": null,
              "code": "const state = window.testState;\nreturn cy\n  .then(() => state.onStartScenario(scenario, indexedSteps))\n  .then(() =>\n    resolveAndRunBeforeHooks.call(this, scenario.tags, state.feature.name)\n  )\n  .then(() =>\n    indexedSteps.forEach((step) =>\n      stepTest.call(this, state, step, rowData)\n    )\n  )\n  .then(() => state.onFinishScenario(scenario));",
              "err": {},
              "uuid": "bfaa645d-ff16-458f-a69e-3d3dc18e4c2c",
              "parentUUID": "e5424d49-8407-4065-a882-77dcb9b64d72",
              "isHook": false,
              "skipped": false
            }
          ],
          "suites": [],
          "passes": [
            "0cba03b5-883d-4e59-a87e-a55fd3f4b831",
            "08adf3f1-3564-458a-b4ff-4cf422c2da2d",
            "3b780192-29d3-42e0-a961-7285d61d3fa8",
            "76addd6d-a75f-4860-b987-77d2292ca999",
            "378bc650-6baf-4528-bef8-d347e1de0cfa",
            "b6404842-be50-4608-a192-77715c4ff02f",
            "4614bcbd-4271-4339-9c7f-cd6d35f8e120",
            "d8838c63-78c6-43cf-a761-97e0e5c6b99f",
            "092cfe9b-c255-4eab-b049-05ad8e87bb7d",
            "e51bbae5-837f-4a3c-8784-b240f57e5549",
            "fe8cf79f-267f-4812-9146-864aafe7d470",
            "d516ad14-5dae-4d4f-9455-41ba4c237965",
            "9d9ae684-81d9-43b4-a699-96d83768de7c",
            "bfaa645d-ff16-458f-a69e-3d3dc18e4c2c"
          ],
          "failures": [],
          "pending": [],
          "skipped": [],
          "duration": 52745,
          "root": false,
          "rootEmpty": false,
          "_timeout": 2000
        }
      ],
      "passes": [],
      "failures": [],
      "pending": [],
      "skipped": [],
      "duration": 0,
      "root": true,
      "rootEmpty": true,
      "_timeout": 2000
    }
  ],
  "meta": {
    "mocha": {
      "version": "7.0.1"
    },
    "mochawesome": {
      "options": {
        "quiet": false,
        "reportFilename": "mochawesome",
        "saveHtml": true,
        "saveJson": true,
        "consoleReporter": "spec",
        "useInlineDiffs": false,
        "code": true
      },
      "version": "7.1.3"
    },
    "marge": {
      "options": null,
      "version": "6.2.0"
    }
  }
}